2024-08-28 20:30:53,281	INFO worker.py:1783 -- Started a local Ray instance.
2024-08-28 20:33:45,066	INFO trainable.py:161 -- Trainable.setup took 156.640 seconds. If your trainable is slow to initialize, consider setting reuse_actors=True to reduce actor creation overheads.
2024-08-28 20:33:45,066	WARNING util.py:61 -- Install gputil for GPU system monitoring.
2024-08-28 20:34:45,089	WARNING rollout_ops.py:115 -- No samples returned from remote workers. If you have a slow environment or model, consider increasing the `sample_timeout_s` or decreasing the `rollout_fragment_length` in `AlgorithmConfig.env_runners().
2024-08-28 20:36:45,756	WARNING rollout_ops.py:115 -- No samples returned from remote workers. If you have a slow environment or model, consider increasing the `sample_timeout_s` or decreasing the `rollout_fragment_length` in `AlgorithmConfig.env_runners().
2024-08-28 20:38:46,277	WARNING rollout_ops.py:115 -- No samples returned from remote workers. If you have a slow environment or model, consider increasing the `sample_timeout_s` or decreasing the `rollout_fragment_length` in `AlgorithmConfig.env_runners().
2024-08-28 20:40:47,207	WARNING rollout_ops.py:115 -- No samples returned from remote workers. If you have a slow environment or model, consider increasing the `sample_timeout_s` or decreasing the `rollout_fragment_length` in `AlgorithmConfig.env_runners().
2024-08-28 20:42:48,084	WARNING rollout_ops.py:115 -- No samples returned from remote workers. If you have a slow environment or model, consider increasing the `sample_timeout_s` or decreasing the `rollout_fragment_length` in `AlgorithmConfig.env_runners().
2024-08-28 20:44:48,517	WARNING rollout_ops.py:115 -- No samples returned from remote workers. If you have a slow environment or model, consider increasing the `sample_timeout_s` or decreasing the `rollout_fragment_length` in `AlgorithmConfig.env_runners().
2024-08-28 20:46:49,026	WARNING rollout_ops.py:115 -- No samples returned from remote workers. If you have a slow environment or model, consider increasing the `sample_timeout_s` or decreasing the `rollout_fragment_length` in `AlgorithmConfig.env_runners().
2024-08-28 20:48:49,706	WARNING rollout_ops.py:115 -- No samples returned from remote workers. If you have a slow environment or model, consider increasing the `sample_timeout_s` or decreasing the `rollout_fragment_length` in `AlgorithmConfig.env_runners().
2024-08-28 20:50:50,189	WARNING rollout_ops.py:115 -- No samples returned from remote workers. If you have a slow environment or model, consider increasing the `sample_timeout_s` or decreasing the `rollout_fragment_length` in `AlgorithmConfig.env_runners().
2024-08-28 20:52:50,638	WARNING rollout_ops.py:115 -- No samples returned from remote workers. If you have a slow environment or model, consider increasing the `sample_timeout_s` or decreasing the `rollout_fragment_length` in `AlgorithmConfig.env_runners().
2024-08-28 20:54:51,550	WARNING rollout_ops.py:115 -- No samples returned from remote workers. If you have a slow environment or model, consider increasing the `sample_timeout_s` or decreasing the `rollout_fragment_length` in `AlgorithmConfig.env_runners().
2024-08-28 20:56:52,072	WARNING rollout_ops.py:115 -- No samples returned from remote workers. If you have a slow environment or model, consider increasing the `sample_timeout_s` or decreasing the `rollout_fragment_length` in `AlgorithmConfig.env_runners().
2024-08-28 20:58:52,632	WARNING rollout_ops.py:115 -- No samples returned from remote workers. If you have a slow environment or model, consider increasing the `sample_timeout_s` or decreasing the `rollout_fragment_length` in `AlgorithmConfig.env_runners().
2024-08-28 21:00:53,192	WARNING rollout_ops.py:115 -- No samples returned from remote workers. If you have a slow environment or model, consider increasing the `sample_timeout_s` or decreasing the `rollout_fragment_length` in `AlgorithmConfig.env_runners().
2024-08-28 21:02:53,818	WARNING rollout_ops.py:115 -- No samples returned from remote workers. If you have a slow environment or model, consider increasing the `sample_timeout_s` or decreasing the `rollout_fragment_length` in `AlgorithmConfig.env_runners().
srun: Job step aborted: Waiting up to 32 seconds for job step to finish.
slurmstepd-worker-5: error: *** JOB 113645 ON worker-5 CANCELLED AT 2024-08-28T21:03:54 ***
slurmstepd-worker-5: error: *** STEP 113645.0 ON worker-5 CANCELLED AT 2024-08-28T21:03:54 ***
*** SIGTERM received at time=1724871834 on cpu 88 ***
PC: @     0x7fce7ade4f8b  (unknown)  __close
    @     0x7fce7ad12520  (unknown)  (unknown)
[2024-08-28 21:03:54,532 E 338776 338776] logging.cc:440: *** SIGTERM received at time=1724871834 on cpu 88 ***
[2024-08-28 21:03:54,532 E 338776 338776] logging.cc:440: PC: @     0x7fce7ade4f8b  (unknown)  __close
[2024-08-28 21:03:54,532 E 338776 338776] logging.cc:440:     @     0x7fce7ad12520  (unknown)  (unknown)
