2024-08-28 21:17:54,204	INFO worker.py:1783 -- Started a local Ray instance.
Error executing job with overrides: []
Traceback (most recent call last):
  File "/homes/mstraat/Projects/RayleighBenard-Dataset/rbcdata/testray SA.py", line 139, in run_env
    rrlib_algo = algo_config.build(use_copy=False)
                 ^^^^^^^^^^^^^^^^^^^^^^^^^^^^^^^^^
  File "/homes/mstraat/miniconda3/envs/rbcdata/lib/python3.11/site-packages/ray/rllib/algorithms/algorithm_config.py", line 880, in build
    return algo_class(
           ^^^^^^^^^^^
  File "/homes/mstraat/miniconda3/envs/rbcdata/lib/python3.11/site-packages/ray/rllib/algorithms/algorithm.py", line 573, in __init__
    super().__init__(
  File "/homes/mstraat/miniconda3/envs/rbcdata/lib/python3.11/site-packages/ray/tune/trainable/trainable.py", line 158, in __init__
    self.setup(copy.deepcopy(self.config))
  File "/homes/mstraat/miniconda3/envs/rbcdata/lib/python3.11/site-packages/ray/rllib/algorithms/algorithm.py", line 659, in setup
    self.env_runner_group = EnvRunnerGroup(
                            ^^^^^^^^^^^^^^^
  File "/homes/mstraat/miniconda3/envs/rbcdata/lib/python3.11/site-packages/ray/rllib/env/env_runner_group.py", line 189, in __init__
    self._setup(
  File "/homes/mstraat/miniconda3/envs/rbcdata/lib/python3.11/site-packages/ray/rllib/env/env_runner_group.py", line 280, in _setup
    self._local_env_runner = self._make_worker(
                             ^^^^^^^^^^^^^^^^^^
  File "/homes/mstraat/miniconda3/envs/rbcdata/lib/python3.11/site-packages/ray/rllib/env/env_runner_group.py", line 1173, in _make_worker
    worker = cls(
             ^^^^
  File "/homes/mstraat/miniconda3/envs/rbcdata/lib/python3.11/site-packages/ray/rllib/evaluation/rollout_worker.py", line 499, in __init__
    raise RuntimeError(
RuntimeError: Found 0 GPUs on your machine (GPU devices found: [])! If your
    machine does not have any GPUs, you should set the config keys
    `num_gpus_per_learner` and `num_gpus_per_env_runner` to 0. They may be set to
    1 by default for your particular RL algorithm.
To change the config for `tune.Tuner().fit()` in a script: Modify the python dict
  passed to `tune.Tuner(param_space=[...]).fit()`.
To change the config for an RLlib Algorithm instance: Modify the python dict
  passed to the Algorithm's constructor, e.g. `PPO(config=[...])`.


Set the environment variable HYDRA_FULL_ERROR=1 for a complete stack trace.
srun: error: worker-10: task 0: Exited with exit code 1
